<?xml version="1.0" encoding="UTF-8"?>
<!-- Generated by org.testng.reporters.JUnitXMLReporter -->
<testsuite hostname="USHYDLTATAVAR1" name="Test" tests="2" failures="1" timestamp="26 Jul 2019 15:45:05 GMT" time="63.134" errors="0">
  <testcase name="verifyValidLogin" time="63.097" classname="com.facebook.Testcases.VerifyHomePage"/>
  <testcase name="verifyHomePage" time="0.002" classname="com.facebook.Testcases.VerifyHomePage">
    <failure type="java.lang.NullPointerException">
      <![CDATA[java.lang.NullPointerException
	at com.facebookPom.pages.HomePage.clickHomePage(HomePage.java:23)
	at com.facebook.Testcases.VerifyHomePage.verifyHomePage(VerifyHomePage.java:15)
... Removed 24 stack frames]]>
    </failure>
  </testcase> <!-- verifyHomePage -->
</testsuite> <!-- Test -->
