<?xml version="1.0" encoding="UTF-8"?>
<testng-results skipped="0" failed="0" total="1" passed="1">
  <reporter-output>
  </reporter-output>
  <suite name="Suite" duration-ms="45244" started-at="2019-09-01T14:30:30Z" finished-at="2019-09-01T14:31:15Z">
    <groups>
    </groups>
    <test name="Test" duration-ms="45244" started-at="2019-09-01T14:30:30Z" finished-at="2019-09-01T14:31:15Z">
      <class name="com.facebook.Testcases.VerifyHomePage">
        <test-method status="PASS" signature="verifyValidLogin()[pri:0, instance:com.facebook.Testcases.VerifyHomePage@1554909b]" name="verifyValidLogin" is-config="true" duration-ms="32273" started-at="2019-09-01T20:00:30Z" finished-at="2019-09-01T20:01:02Z">
          <reporter-output>
          </reporter-output>
        </test-method> <!-- verifyValidLogin -->
        <test-method status="PASS" signature="verifyHomePage()[pri:0, instance:com.facebook.Testcases.VerifyHomePage@1554909b]" name="verifyHomePage" duration-ms="10545" started-at="2019-09-01T20:01:02Z" finished-at="2019-09-01T20:01:13Z">
          <reporter-output>
          </reporter-output>
        </test-method> <!-- verifyHomePage -->
        <test-method status="PASS" signature="close()[pri:0, instance:com.facebook.Testcases.VerifyHomePage@1554909b]" name="close" is-config="true" duration-ms="2394" started-at="2019-09-01T20:01:13Z" finished-at="2019-09-01T20:01:15Z">
          <reporter-output>
          </reporter-output>
        </test-method> <!-- close -->
      </class> <!-- com.facebook.Testcases.VerifyHomePage -->
    </test> <!-- Test -->
  </suite> <!-- Suite -->
</testng-results>
